A166 MACRO ASSEMBLER  WORK2                                                               05/26/2018 06:40:30 PAGE     1


MACRO ASSEMBLER A166 V5.30
OBJECT MODULE PLACED IN work2.OBJ
ASSEMBLER INVOKED BY: C:\Keil\C166\BIN\A166.EXE work2.a66 MODV2 SEGMENTED MODV2 SET(SMALL) DEBUG NOSYMBOLS EP

LOC      OBJ             LINE     SOURCE

                            1     ;$NONSEGMENTED              ; Nur Tiny Model möglich
                            2     $MODV2                 ; Code fuer 161/163/164/165/167
                          598     $LIST
                          599     ;
                          600     ;       TITLE <Mein Text>
                          601     ;
                          602     ;       Prozessor Definitionen
                          603     ;
                          604     ;------------------------------------------------------------
                          605     ; Hier folgen Ihre Konstanten Definitionen
                          606     ;
 0000                     607     Ora             EQU     0       ;Portbit für Ora
                          608     
--------                  609     Datenspeicher   SECTION Data
                          610     ;------------------------------------------------------------
                          611     ; Hier folgen Ihre Speicher Vereinbarungen
                          612     ;
00000000 0C               613     Mein_Speicher           DB      12      ;Byte Initialisiert
00000002 4100             614     Mein_Speicher1          DW      65      ;Word Initialisiert
00000004 67120000         615     Mein_Speicher2          DD      4711
00000008 41534349         616     Mein_Text               DB      'ASCII Text'
0000000C 49205465                 
00000010 7874             616     
00000012 3075             617     op1                                             DW              30000   ;
00000014 8813             618     op2                                             DW              5000    ;
00000016 409C             619     op3                                             DW              40000   ;
00000018 8713             620     op4                                             DW              4999    ;
0000001A D08A             621     op5                                             DW              -30000  ;
                          622     
--------                  623     Datenspeicher   ENDS
                          624     ;
                          625     ;
--------                  626     Programme       Section Code
                          627     ASSUME  DPP3:SYSTEM
                          628     ASSUME  DPP0:Datenspeicher
                          629     ;------------------------------------------------------------
                          630     ; Hier stehen Ihre Unterprogramme
                          631     ;
                          632     ;
                          633     ;PInit  Initialisiert den Port Px
                          634     ;=====
                          635     ;       I: nix
                          636     ;       O: nix
                          637     ;       Z: Register, die zerstört werden.
                          638     ;
                          639     MyUp1   PROC NEAR
                          640     
00000000 CB00             641             Ret
                          642     MyUp1   EndP;
                          643     
                          644     ;------------------------------------------------------------
                          645     ; Hier startet das Hauptprogramm
                          646     ;
                          647     A_RESET PROC TASK STARTUP INTNO RESET = 0
00000002 F2F00CFF         648             mov     r0,BUSCON0
00000006 66F000FF         649             and     r0,#0xFF00
0000000A F6F00CFF         650             mov     BUSCON0,r0
0000000E E600???? R       651             mov     dpp0,#PAG Datenspeicher         ;Page von Datenspeicher => DPP0
A166 MACRO ASSEMBLER  WORK2                                                               05/26/2018 06:40:30 PAGE     2

00000012 E60E0300         652             mov     KSCCFG,#0x0003;                 ;Module Enable
00000016 F2F01CFE         653             mov     R0,KSCCFG                       ;wieder ruecklesen
0000001A 0D00             654             JMP     Main    
                          655     A_RESET EndP
                          656     
                          657     MAIN    Proc
                          658     ;------------------------------------------------------------
                          659     ;Hier geht Ihr Hauptprogramm los
                          660     ;
                          661     
0000001C F2F1???? R       662             MOV R1, op1
00000020 F2F2???? R       663             MOV R2, op2
00000024 F2F3???? R       664             MOV R3, op3
00000028 F2F4???? R       665             MOV R4, op4
0000002C F2F5???? R       666             MOV R5, op5
00000030 F0A1             667             MOV R10, R1
00000032 00A2             668             ADD     R10, R2
00000034 F0B1             669             MOV R11, R1
00000036 00B3             670             ADD     R11, R3
00000038 F0C4             671             MOV R12, R4
0000003A 20C2             672             SUB     R12, R2
0000003C F0D1             673             MOV R13, R1
0000003E 00D5             674             ADD R13, R5
00000040 F0E3             675             MOV R14, R3
00000042 00E5             676             ADD R14, R5
                          677     
                          678     
00000044 BBDD             679             Call    MyUp1   
                          680     
                          681     Forever:
                          682     
                          683     
00000046 0DFF             684             jmp             Forever
                          685     ;
                          686     ;  Notstop
                          687     ;
00000048 0DFF             688     StopJetzt:      JMP     StopJetzt
                          689     
                          690     Main            ENDP
                          691     
--------                  692     Programme       ENDS
                          693     ;
                          694     
                          695             END



ASSEMBLY COMPLETE.  0 WARNING(S), 0 ERROR(S)
