

                                                                      Page 1
ispLEVER Classic 1.6.00.07.29.12  -  Device Utilization Chart         Mon Apr 23 16:23:35 2018



--------------------------------------------------------------------------------

Module                   : 'cradd_ent'

--------------------------------------------------------------------------------

Input files:

    ABEL PLA file        : aufgabe1.tt3
    Device library       : P16V8AS.dev

Output files:

    Report file          : aufgabe1.rpt
    Programmer load file : aufgabe1.jed

--------------------------------------------------------------------------------


                                                                      Page 2
ispLEVER Classic 1.6.00.07.29.12  -  Device Utilization Chart         Mon Apr 23 16:23:35 2018

P16V8AS Programmed Logic:
--------------------------------------------------------------------------------



Sout_1_     = !(  x_1_ & y_1_ & !x_0_ 
               #   !x_1_ & !y_1_ & !x_0_ 
               #   !x_1_ & y_1_ & x_0_ & y_0_ 
               #   x_1_ & !y_1_ & x_0_ & y_0_ 
               #   x_1_ & y_1_ & !y_0_ 
               #   !x_1_ & !y_1_ & !y_0_ );

Cfinal     = (  x_1_ & y_1_ 
              #   x_1_ & x_0_ & y_0_ 
              #   y_1_ & x_0_ & y_0_ );

Sout_0_     = !(  x_0_ & y_0_ 
               #   !x_0_ & !y_0_ );



                                                                      Page 3
ispLEVER Classic 1.6.00.07.29.12  -  Device Utilization Chart         Mon Apr 23 16:23:35 2018

P16V8AS Chip Diagram:
--------------------------------------------------------------------------------




                                   P16V8AS

                         +---------\       /---------+
                         |          \     /          |
                         |           -----           |
                    x_1_ |  1                    20  | Vcc                     
                         |                           |
                    y_1_ |  2                    19  | !Sout_1_                
                         |                           |
                    x_0_ |  3                    18  |                         
                         |                           |
                    y_0_ |  4                    17  |                         
                         |                           |
                         |  5                    16  | !Sout_0_                
                         |                           |
                         |  6                    15  | !Cfinal                 
                         |                           |
                         |  7                    14  |                         
                         |                           |
                         |  8                    13  |                         
                         |                           |
                         |  9                    12  |                         
                         |                           |
                     GND | 10                    11  |                         
                         |                           |
                         |                           |
                         `---------------------------'

                        SIGNATURE: N/A


                                                                      Page 4
ispLEVER Classic 1.6.00.07.29.12  -  Device Utilization Chart         Mon Apr 23 16:23:35 2018

P16V8AS Resource Allocations:
--------------------------------------------------------------------------------



        Device        | Resource  |   Design    |
       Resources      | Available | Requirement | Unused
======================|===========|=============|==============
                      |           |             |
Input Pins:           |           |             |
                      |           |             |
          Input:      |     10    |      4      |    6 ( 60 %)
                      |           |             |
Output Pins:          |           |             |
                      |           |             |
          In/Out:     |      6    |      1      |    5 ( 83 %)
          Output:     |      2    |      2      |    0 (  0 %)
                      |           |             |
Buried Nodes:         |           |             |
                      |           |             |
          Input Reg:  |      -    |      -      |    -
            Pin Reg:  |      -    |      -      |    -
          Buried Reg: |      -    |      -      |    -


                                                                      Page 5
ispLEVER Classic 1.6.00.07.29.12  -  Device Utilization Chart         Mon Apr 23 16:23:35 2018

P16V8AS Product Terms Distribution:
--------------------------------------------------------------------------------



            Signal                       |    Pin   | Terms | Terms | Terms
             Name                        | Assigned | Used  |  Max  | Unused
=========================================|==========|=======|=======|=======
Sout_1_                                  |   19     |   6   |   8   |   2
Cfinal                                   |   15     |   3   |   8   |   5
Sout_0_                                  |   16     |   2   |   8   |   6


     ==== List of Inputs/Feedbacks ====

Signal Name                              | Pin      | Pin Type
=========================================|==========|=========
x_1_                                     |    1     | INPUT
y_1_                                     |    2     | INPUT
x_0_                                     |    3     | INPUT
y_0_                                     |    4     | INPUT


                                                                      Page 6
ispLEVER Classic 1.6.00.07.29.12  -  Device Utilization Chart         Mon Apr 23 16:23:35 2018

P16V8AS Unused Resources:
--------------------------------------------------------------------------------



 Pin   |  Pin   |   Product   | Flip-flop
Number |  Type  |   Terms     |   Type
=======|========|=============|==========
    5  |  INPUT |      -      |    -   
    6  |  INPUT |      -      |    -   
    7  |  INPUT |      -      |    -   
    8  |  INPUT |      -      |    -   
    9  |  INPUT |      -      |    -   
   11  |  INPUT |      -      |    -   
   12  |  BIDIR | NORMAL  8   |    -   
   13  |  BIDIR | NORMAL  8   |    -   
   14  |  BIDIR | NORMAL  8   |    -   
   17  |  BIDIR | NORMAL  8   |    -   
   18  |  BIDIR | NORMAL  8   |    -   
